Not logged in ¬∑ Please run /login
[2026-04-20 06:56:39] --- /scan starting ---
Already up to date.
The `/scan` command needs write access to create new files in `opportunities/`, `logs/scans/`, and `README.md`, plus access to web tools (WebSearch and WebFetch) to check live funder sources.

It looks like these permissions haven't been granted yet. To run the full scan you have two options:

**Option A G«ˆ grant permissions per-prompt**
You should see approval prompts for each tool call. Click "Allow" (or "Always allow" for the project directory writes) when they appear.

**Option B G«ˆ pre-approve via settings**
Use `/update-config` to add allowlist entries so the scan runs without repeated prompts. The tools needed are:
- Write/Edit to `opportunities/*.md`, `logs/scans/*.md`, `README.md`
- WebSearch (to search for new funders)
- WebFetch (to check funder source URLs)

Which would you prefer? If you approve the prompts as they appear, I can continue the scan now G«ˆ just confirm and I'll proceed.
Everything up-to-date
[2026-04-20 07:00:49] --- /scan done ---
[2026-04-20 07:03:24] --- /scan starting ---
Already up to date.
[2026-04-20 07:09:50] --- /scan starting ---
Already up to date.
[2026-04-20 14:41:19] --- /scan starting ---
Already up to date.
